{"/Volumes/Extra/Code/Node/6-RestServer/src/shared/dbModels/index.ts": {"path":"/Volumes/Extra/Code/Node/6-RestServer/src/shared/dbModels/index.ts","statementMap":{"0":{"start":{"line":2,"column":0},"end":{"line":2,"column":7}},"1":{"start":{"line":9,"column":4},"end":{"line":2,"column":33}},"2":{"start":{"line":3,"column":0},"end":{"line":3,"column":7}},"3":{"start":{"line":10,"column":4},"end":{"line":3,"column":33}},"4":{"start":{"line":5,"column":0},"end":{"line":5,"column":7}},"5":{"start":{"line":11,"column":4},"end":{"line":5,"column":42}},"6":{"start":{"line":6,"column":0},"end":{"line":6,"column":7}},"7":{"start":{"line":12,"column":4},"end":{"line":6,"column":40}}},"fnMap":{},"branchMap":{},"s":{"0":1,"1":1,"2":1,"3":1,"4":1,"5":1,"6":1,"7":1},"f":{},"b":{}}
,"/Volumes/Extra/Code/Node/6-RestServer/src/shared/dbModels/store/Category.ts": {"path":"/Volumes/Extra/Code/Node/6-RestServer/src/shared/dbModels/store/Category.ts","statementMap":{"0":{"start":{"line":1,"column":0},"end":{"line":1,"column":41}},"1":{"start":{"line":3,"column":23},"end":{"line":19,"column":2}},"2":{"start":{"line":21,"column":0},"end":{"line":24,"column":null}},"3":{"start":{"line":22,"column":46},"end":{"line":22,"column":61}},"4":{"start":{"line":22,"column":15},"end":{"line":22,"column":17}},"5":{"start":{"line":22,"column":20},"end":{"line":22,"column":22}},"6":{"start":{"line":22,"column":28},"end":{"line":22,"column":33}},"7":{"start":{"line":22,"column":41},"end":{"line":22,"column":46}},"8":{"start":{"line":23,"column":4},"end":{"line":23,"column":36}},"9":{"start":{"line":26,"column":0},"end":{"line":26,"column":49}}},"fnMap":{"0":{"name":"(anonymous_3)","decl":{"start":{"line":21,"column":32},"end":{"line":21,"column":null}},"loc":{"start":{"line":21,"column":32},"end":{"line":24,"column":1}}}},"branchMap":{},"s":{"0":1,"1":1,"2":1,"3":0,"4":0,"5":0,"6":0,"7":0,"8":0,"9":1},"f":{"0":0},"b":{}}
,"/Volumes/Extra/Code/Node/6-RestServer/src/shared/dbModels/store/Product.ts": {"path":"/Volumes/Extra/Code/Node/6-RestServer/src/shared/dbModels/store/Product.ts","statementMap":{"0":{"start":{"line":1,"column":0},"end":{"line":1,"column":41}},"1":{"start":{"line":3,"column":22},"end":{"line":38,"column":2}},"2":{"start":{"line":40,"column":0},"end":{"line":43,"column":null}},"3":{"start":{"line":41,"column":45},"end":{"line":41,"column":60}},"4":{"start":{"line":41,"column":15},"end":{"line":41,"column":17}},"5":{"start":{"line":41,"column":20},"end":{"line":41,"column":22}},"6":{"start":{"line":41,"column":28},"end":{"line":41,"column":33}},"7":{"start":{"line":41,"column":40},"end":{"line":41,"column":45}},"8":{"start":{"line":42,"column":4},"end":{"line":42,"column":35}},"9":{"start":{"line":45,"column":0},"end":{"line":45,"column":47}}},"fnMap":{"0":{"name":"(anonymous_3)","decl":{"start":{"line":40,"column":31},"end":{"line":40,"column":null}},"loc":{"start":{"line":40,"column":31},"end":{"line":43,"column":1}}}},"branchMap":{},"s":{"0":1,"1":1,"2":1,"3":0,"4":0,"5":0,"6":0,"7":0,"8":0,"9":1},"f":{"0":0},"b":{}}
,"/Volumes/Extra/Code/Node/6-RestServer/src/shared/dbModels/user/Role.ts": {"path":"/Volumes/Extra/Code/Node/6-RestServer/src/shared/dbModels/user/Role.ts","statementMap":{"0":{"start":{"line":1,"column":0},"end":{"line":1,"column":41}},"1":{"start":{"line":3,"column":19},"end":{"line":8,"column":2}},"2":{"start":{"line":10,"column":0},"end":{"line":10,"column":41}}},"fnMap":{},"branchMap":{},"s":{"0":1,"1":1,"2":1},"f":{},"b":{}}
,"/Volumes/Extra/Code/Node/6-RestServer/src/shared/dbModels/user/User.ts": {"path":"/Volumes/Extra/Code/Node/6-RestServer/src/shared/dbModels/user/User.ts","statementMap":{"0":{"start":{"line":1,"column":0},"end":{"line":1,"column":41}},"1":{"start":{"line":3,"column":19},"end":{"line":33,"column":2}},"2":{"start":{"line":35,"column":0},"end":{"line":38,"column":null}},"3":{"start":{"line":36,"column":42},"end":{"line":36,"column":57}},"4":{"start":{"line":36,"column":13},"end":{"line":36,"column":15}},"5":{"start":{"line":36,"column":23},"end":{"line":36,"column":25}},"6":{"start":{"line":36,"column":28},"end":{"line":36,"column":33}},"7":{"start":{"line":36,"column":37},"end":{"line":36,"column":42}},"8":{"start":{"line":37,"column":2},"end":{"line":37,"column":31}},"9":{"start":{"line":40,"column":0},"end":{"line":40,"column":41}}},"fnMap":{"0":{"name":"(anonymous_3)","decl":{"start":{"line":35,"column":28},"end":{"line":35,"column":null}},"loc":{"start":{"line":35,"column":28},"end":{"line":38,"column":1}}}},"branchMap":{},"s":{"0":1,"1":1,"2":1,"3":0,"4":0,"5":0,"6":0,"7":0,"8":0,"9":1},"f":{"0":0},"b":{}}
,"/Volumes/Extra/Code/Node/6-RestServer/src/shared/helpers/crypt.ts": {"path":"/Volumes/Extra/Code/Node/6-RestServer/src/shared/helpers/crypt.ts","statementMap":{"0":{"start":{"line":1,"column":0},"end":{"line":1,"column":33}},"1":{"start":{"line":3,"column":23},"end":{"line":7,"column":1}},"2":{"start":{"line":4,"column":19},"end":{"line":4,"column":21}},"3":{"start":{"line":5,"column":17},"end":{"line":5,"column":43}},"4":{"start":{"line":6,"column":4},"end":{"line":6,"column":40}},"5":{"start":{"line":3,"column":13},"end":{"line":3,"column":23}},"6":{"start":{"line":9,"column":28},"end":{"line":11,"column":1}},"7":{"start":{"line":10,"column":4},"end":{"line":10,"column":52}},"8":{"start":{"line":9,"column":13},"end":{"line":9,"column":28}}},"fnMap":{"0":{"name":"(anonymous_6)","decl":{"start":{"line":3,"column":23},"end":{"line":3,"column":25}},"loc":{"start":{"line":3,"column":38},"end":{"line":7,"column":1}}},"1":{"name":"(anonymous_7)","decl":{"start":{"line":9,"column":28},"end":{"line":9,"column":30}},"loc":{"start":{"line":9,"column":64},"end":{"line":11,"column":1}}}},"branchMap":{},"s":{"0":1,"1":1,"2":0,"3":0,"4":0,"5":1,"6":1,"7":0,"8":1},"f":{"0":0,"1":0},"b":{}}
,"/Volumes/Extra/Code/Node/6-RestServer/src/user/main/validators/checkId.ts": {"path":"/Volumes/Extra/Code/Node/6-RestServer/src/user/main/validators/checkId.ts","statementMap":{"0":{"start":{"line":1,"column":0},"end":{"line":1,"column":50}},"1":{"start":{"line":3,"column":23},"end":{"line":7,"column":null}},"2":{"start":{"line":3,"column":42},"end":{"line":7,"column":null}},"3":{"start":{"line":4,"column":19},"end":{"line":4,"column":null}},"4":{"start":{"line":4,"column":10},"end":{"line":4,"column":null}},"5":{"start":{"line":5,"column":4},"end":{"line":5,"column":44}},"6":{"start":{"line":5,"column":32},"end":{"line":5,"column":44}},"7":{"start":{"line":6,"column":4},"end":{"line":6,"column":54}},"8":{"start":{"line":3,"column":13},"end":{"line":3,"column":23}}},"fnMap":{"0":{"name":"(anonymous_13)","decl":{"start":{"line":3,"column":23},"end":{"line":3,"column":31}},"loc":{"start":{"line":3,"column":42},"end":{"line":7,"column":null}}},"1":{"name":"(anonymous_14)","decl":{"start":{"line":3,"column":42},"end":{"line":3,"column":null}},"loc":{"start":{"line":3,"column":42},"end":{"line":7,"column":null}}}},"branchMap":{"0":{"loc":{"start":{"line":4,"column":19},"end":{"line":4,"column":null}},"type":"switch","locations":[{"start":{"line":4,"column":19},"end":{"line":4,"column":null}}]},"1":{"loc":{"start":{"line":5,"column":4},"end":{"line":5,"column":44}},"type":"if","locations":[{"start":{"line":5,"column":4},"end":{"line":5,"column":44}}]},"2":{"loc":{"start":{"line":5,"column":7},"end":{"line":5,"column":30}},"type":"binary-expr","locations":[{"start":{"line":5,"column":7},"end":{"line":5,"column":13}},{"start":{"line":5,"column":17},"end":{"line":5,"column":30}}]}},"s":{"0":1,"1":1,"2":1,"3":1,"4":1,"5":0,"6":0,"7":0,"8":1},"f":{"0":1,"1":1},"b":{"0":[1],"1":[0],"2":[0,0]}}
,"/Volumes/Extra/Code/Node/6-RestServer/src/user/main/validators/checkPwd.ts": {"path":"/Volumes/Extra/Code/Node/6-RestServer/src/user/main/validators/checkPwd.ts","statementMap":{"0":{"start":{"line":1,"column":0},"end":{"line":1,"column":61}},"1":{"start":{"line":3,"column":30},"end":{"line":8,"column":1}},"2":{"start":{"line":3,"column":55},"end":{"line":3,"column":62}},"3":{"start":{"line":4,"column":4},"end":{"line":5,"column":61}},"4":{"start":{"line":5,"column":8},"end":{"line":5,"column":61}},"5":{"start":{"line":6,"column":4},"end":{"line":6,"column":54}},"6":{"start":{"line":6,"column":42},"end":{"line":6,"column":54}},"7":{"start":{"line":7,"column":4},"end":{"line":7,"column":44}},"8":{"start":{"line":3,"column":13},"end":{"line":3,"column":30}},"9":{"start":{"line":10,"column":26},"end":{"line":17,"column":null}},"10":{"start":{"line":10,"column":57},"end":{"line":10,"column":64}},"11":{"start":{"line":11,"column":12},"end":{"line":11,"column":27}},"12":{"start":{"line":13,"column":10},"end":{"line":13,"column":66}},"13":{"start":{"line":15,"column":4},"end":{"line":15,"column":30}},"14":{"start":{"line":15,"column":18},"end":{"line":15,"column":30}},"15":{"start":{"line":16,"column":4},"end":{"line":16,"column":47}},"16":{"start":{"line":10,"column":13},"end":{"line":10,"column":26}}},"fnMap":{"0":{"name":"(anonymous_13)","decl":{"start":{"line":3,"column":30},"end":{"line":3,"column":32}},"loc":{"start":{"line":3,"column":62},"end":{"line":8,"column":1}}},"1":{"name":"(anonymous_14)","decl":{"start":{"line":10,"column":26},"end":{"line":10,"column":34}},"loc":{"start":{"line":10,"column":64},"end":{"line":17,"column":null}}}},"branchMap":{"0":{"loc":{"start":{"line":4,"column":4},"end":{"line":5,"column":61}},"type":"if","locations":[{"start":{"line":4,"column":4},"end":{"line":5,"column":61}}]},"1":{"loc":{"start":{"line":6,"column":4},"end":{"line":6,"column":54}},"type":"if","locations":[{"start":{"line":6,"column":4},"end":{"line":6,"column":54}}]},"2":{"loc":{"start":{"line":15,"column":4},"end":{"line":15,"column":30}},"type":"if","locations":[{"start":{"line":15,"column":4},"end":{"line":15,"column":30}}]}},"s":{"0":1,"1":1,"2":0,"3":0,"4":0,"5":0,"6":0,"7":0,"8":1,"9":1,"10":0,"11":0,"12":0,"13":0,"14":0,"15":0,"16":1},"f":{"0":0,"1":0},"b":{"0":[0],"1":[0],"2":[0]}}
,"/Volumes/Extra/Code/Node/6-RestServer/src/user/main/validators/checkRole.ts": {"path":"/Volumes/Extra/Code/Node/6-RestServer/src/user/main/validators/checkRole.ts","statementMap":{"0":{"start":{"line":2,"column":0},"end":{"line":2,"column":50}},"1":{"start":{"line":4,"column":27},"end":{"line":8,"column":null}},"2":{"start":{"line":4,"column":47},"end":{"line":8,"column":null}},"3":{"start":{"line":5,"column":22},"end":{"line":5,"column":null}},"4":{"start":{"line":5,"column":10},"end":{"line":5,"column":null}},"5":{"start":{"line":6,"column":4},"end":{"line":6,"column":32}},"6":{"start":{"line":6,"column":20},"end":{"line":6,"column":32}},"7":{"start":{"line":7,"column":4},"end":{"line":7,"column":36}},"8":{"start":{"line":4,"column":13},"end":{"line":4,"column":27}},"9":{"start":{"line":10,"column":30},"end":{"line":15,"column":null}},"10":{"start":{"line":10,"column":57},"end":{"line":10,"column":64}},"11":{"start":{"line":11,"column":12},"end":{"line":11,"column":27}},"12":{"start":{"line":13,"column":4},"end":{"line":13,"column":55}},"13":{"start":{"line":13,"column":43},"end":{"line":13,"column":55}},"14":{"start":{"line":14,"column":4},"end":{"line":14,"column":67}},"15":{"start":{"line":10,"column":13},"end":{"line":10,"column":30}}},"fnMap":{"0":{"name":"(anonymous_13)","decl":{"start":{"line":4,"column":27},"end":{"line":4,"column":35}},"loc":{"start":{"line":4,"column":47},"end":{"line":8,"column":null}}},"1":{"name":"(anonymous_14)","decl":{"start":{"line":4,"column":47},"end":{"line":4,"column":null}},"loc":{"start":{"line":4,"column":47},"end":{"line":8,"column":null}}},"2":{"name":"(anonymous_16)","decl":{"start":{"line":10,"column":30},"end":{"line":10,"column":38}},"loc":{"start":{"line":10,"column":64},"end":{"line":15,"column":null}}}},"branchMap":{"0":{"loc":{"start":{"line":5,"column":22},"end":{"line":5,"column":null}},"type":"switch","locations":[{"start":{"line":5,"column":22},"end":{"line":5,"column":null}}]},"1":{"loc":{"start":{"line":6,"column":4},"end":{"line":6,"column":32}},"type":"if","locations":[{"start":{"line":6,"column":4},"end":{"line":6,"column":32}}]},"2":{"loc":{"start":{"line":13,"column":4},"end":{"line":13,"column":55}},"type":"if","locations":[{"start":{"line":13,"column":4},"end":{"line":13,"column":55}}]}},"s":{"0":1,"1":1,"2":0,"3":0,"4":0,"5":0,"6":0,"7":0,"8":1,"9":1,"10":0,"11":0,"12":0,"13":0,"14":0,"15":1},"f":{"0":0,"1":0,"2":0},"b":{"0":[0],"1":[0],"2":[0]}}
,"/Volumes/Extra/Code/Node/6-RestServer/src/user/main/validators/emailExists.ts": {"path":"/Volumes/Extra/Code/Node/6-RestServer/src/user/main/validators/emailExists.ts","statementMap":{"0":{"start":{"line":2,"column":0},"end":{"line":2,"column":50}},"1":{"start":{"line":4,"column":27},"end":{"line":7,"column":null}},"2":{"start":{"line":4,"column":48},"end":{"line":7,"column":null}},"3":{"start":{"line":5,"column":24},"end":{"line":5,"column":null}},"4":{"start":{"line":5,"column":10},"end":{"line":5,"column":null}},"5":{"start":{"line":6,"column":4},"end":{"line":6,"column":54}},"6":{"start":{"line":6,"column":22},"end":{"line":6,"column":54}},"7":{"start":{"line":4,"column":13},"end":{"line":4,"column":27}}},"fnMap":{"0":{"name":"(anonymous_13)","decl":{"start":{"line":4,"column":27},"end":{"line":4,"column":35}},"loc":{"start":{"line":4,"column":48},"end":{"line":7,"column":null}}},"1":{"name":"(anonymous_14)","decl":{"start":{"line":4,"column":48},"end":{"line":4,"column":null}},"loc":{"start":{"line":4,"column":48},"end":{"line":7,"column":null}}}},"branchMap":{"0":{"loc":{"start":{"line":5,"column":24},"end":{"line":5,"column":null}},"type":"switch","locations":[{"start":{"line":5,"column":24},"end":{"line":5,"column":null}}]},"1":{"loc":{"start":{"line":6,"column":4},"end":{"line":6,"column":54}},"type":"if","locations":[{"start":{"line":6,"column":4},"end":{"line":6,"column":54}}]}},"s":{"0":1,"1":1,"2":0,"3":0,"4":0,"5":0,"6":0,"7":1},"f":{"0":0,"1":0},"b":{"0":[0],"1":[0]}}
,"/Volumes/Extra/Code/Node/6-RestServer/src/user/main/validators/index.ts": {"path":"/Volumes/Extra/Code/Node/6-RestServer/src/user/main/validators/index.ts","statementMap":{"0":{"start":{"line":1,"column":0},"end":{"line":1,"column":9}},"1":{"start":{"line":1,"column":9},"end":{"line":1,"column":44}},"2":{"start":{"line":2,"column":0},"end":{"line":2,"column":9}},"3":{"start":{"line":2,"column":9},"end":{"line":2,"column":36}},"4":{"start":{"line":3,"column":0},"end":{"line":3,"column":41}},"5":{"start":{"line":4,"column":0},"end":{"line":4,"column":39}}},"fnMap":{"0":{"name":"(anonymous_6)","decl":{"start":{"line":1,"column":9},"end":{"line":1,"column":20}},"loc":{"start":{"line":1,"column":9},"end":{"line":1,"column":44}}},"1":{"name":"(anonymous_7)","decl":{"start":{"line":2,"column":9},"end":{"line":2,"column":16}},"loc":{"start":{"line":2,"column":9},"end":{"line":2,"column":36}}}},"branchMap":{},"s":{"0":1,"1":1,"2":1,"3":2,"4":1,"5":1},"f":{"0":0,"1":1},"b":{}}
}
