TN:
SF:src/shared/dbModels/index.ts
FNF:0
FNH:0
DA:2,1
DA:3,1
DA:5,1
DA:6,1
DA:9,1
DA:10,1
DA:11,1
DA:12,1
LF:8
LH:8
BRF:0
BRH:0
end_of_record
TN:
SF:src/shared/dbModels/store/Category.ts
FN:21,(anonymous_3)
FNF:1
FNH:0
FNDA:0,(anonymous_3)
DA:1,1
DA:3,1
DA:21,1
DA:22,0
DA:23,0
DA:26,1
LF:6
LH:4
BRF:0
BRH:0
end_of_record
TN:
SF:src/shared/dbModels/store/Product.ts
FN:40,(anonymous_3)
FNF:1
FNH:0
FNDA:0,(anonymous_3)
DA:1,1
DA:3,1
DA:40,1
DA:41,0
DA:42,0
DA:45,1
LF:6
LH:4
BRF:0
BRH:0
end_of_record
TN:
SF:src/shared/dbModels/user/Role.ts
FNF:0
FNH:0
DA:1,1
DA:3,1
DA:10,1
LF:3
LH:3
BRF:0
BRH:0
end_of_record
TN:
SF:src/shared/dbModels/user/User.ts
FN:35,(anonymous_3)
FNF:1
FNH:0
FNDA:0,(anonymous_3)
DA:1,1
DA:3,1
DA:35,1
DA:36,0
DA:37,0
DA:40,1
LF:6
LH:4
BRF:0
BRH:0
end_of_record
TN:
SF:src/shared/helpers/crypt.ts
FN:3,(anonymous_6)
FN:9,(anonymous_7)
FNF:2
FNH:0
FNDA:0,(anonymous_6)
FNDA:0,(anonymous_7)
DA:1,1
DA:3,1
DA:4,0
DA:5,0
DA:6,0
DA:9,1
DA:10,0
LF:7
LH:3
BRF:0
BRH:0
end_of_record
TN:
SF:src/user/main/validators/checkId.ts
FN:3,(anonymous_13)
FN:3,(anonymous_14)
FNF:2
FNH:2
FNDA:1,(anonymous_13)
FNDA:1,(anonymous_14)
DA:1,1
DA:3,1
DA:4,1
DA:5,0
DA:6,0
LF:5
LH:3
BRDA:4,0,0,1
BRDA:5,1,0,0
BRDA:5,2,0,0
BRDA:5,2,1,0
BRF:4
BRH:1
end_of_record
TN:
SF:src/user/main/validators/checkPwd.ts
FN:3,(anonymous_13)
FN:10,(anonymous_14)
FNF:2
FNH:0
FNDA:0,(anonymous_13)
FNDA:0,(anonymous_14)
DA:1,1
DA:3,1
DA:4,0
DA:5,0
DA:6,0
DA:7,0
DA:10,1
DA:11,0
DA:13,0
DA:15,0
DA:16,0
LF:11
LH:3
BRDA:4,0,0,0
BRDA:6,1,0,0
BRDA:15,2,0,0
BRF:3
BRH:0
end_of_record
TN:
SF:src/user/main/validators/checkRole.ts
FN:4,(anonymous_13)
FN:4,(anonymous_14)
FN:10,(anonymous_16)
FNF:3
FNH:0
FNDA:0,(anonymous_13)
FNDA:0,(anonymous_14)
FNDA:0,(anonymous_16)
DA:2,1
DA:4,1
DA:5,0
DA:6,0
DA:7,0
DA:10,1
DA:11,0
DA:13,0
DA:14,0
LF:9
LH:3
BRDA:5,0,0,0
BRDA:6,1,0,0
BRDA:13,2,0,0
BRF:3
BRH:0
end_of_record
TN:
SF:src/user/main/validators/emailExists.ts
FN:4,(anonymous_13)
FN:4,(anonymous_14)
FNF:2
FNH:0
FNDA:0,(anonymous_13)
FNDA:0,(anonymous_14)
DA:2,1
DA:4,1
DA:5,0
DA:6,0
LF:4
LH:2
BRDA:5,0,0,0
BRDA:6,1,0,0
BRF:2
BRH:0
end_of_record
TN:
SF:src/user/main/validators/index.ts
FN:1,(anonymous_6)
FN:2,(anonymous_7)
FNF:2
FNH:1
FNDA:0,(anonymous_6)
FNDA:1,(anonymous_7)
DA:1,1
DA:2,2
DA:3,1
DA:4,1
LF:4
LH:4
BRF:0
BRH:0
end_of_record
